<?xml version="1.0" encoding="UTF-8"?>
<testng-results ignored="0" total="2" passed="2" failed="0" skipped="0">
  <reporter-output>
  </reporter-output>
  <suite started-at="2022-03-12T14:40:26 IST" name="Suite" finished-at="2022-03-12T14:40:26 IST" duration-ms="47">
    <groups>
    </groups>
    <test started-at="2022-03-12T14:40:26 IST" name="Test" finished-at="2022-03-12T14:40:26 IST" duration-ms="47">
      <class name="Amazon.Mavenjava.seleniumTest">
        <test-method signature="browserAutomation()[pri:0, instance:Amazon.Mavenjava.seleniumTest@42e25b0b]" started-at="2022-03-12T14:40:26 IST" name="browserAutomation" finished-at="2022-03-12T14:40:26 IST" duration-ms="4" status="PASS">
          <reporter-output>
          </reporter-output>
        </test-method> <!-- browserAutomation -->
        <test-method signature="elementsUi()[pri:0, instance:Amazon.Mavenjava.seleniumTest@42e25b0b]" started-at="2022-03-12T14:40:26 IST" name="elementsUi" finished-at="2022-03-12T14:40:26 IST" duration-ms="0" status="PASS">
          <reporter-output>
          </reporter-output>
        </test-method> <!-- elementsUi -->
      </class> <!-- Amazon.Mavenjava.seleniumTest -->
    </test> <!-- Test -->
  </suite> <!-- Suite -->
</testng-results>
